mode: set
github.com/txgin/bookings/cmd/web/main.go:23.13,26.16 2 0
github.com/txgin/bookings/cmd/web/main.go:26.16,28.3 1 0
github.com/txgin/bookings/cmd/web/main.go:30.2,38.16 4 0
github.com/txgin/bookings/cmd/web/main.go:41.18,55.16 10 1
github.com/txgin/bookings/cmd/web/main.go:55.16,58.3 2 0
github.com/txgin/bookings/cmd/web/main.go:60.2,68.12 6 1
github.com/txgin/bookings/cmd/web/middleware.go:9.45,19.2 3 1
github.com/txgin/bookings/cmd/web/middleware.go:21.50,23.2 1 1
github.com/txgin/bookings/cmd/web/routes.go:13.49,40.2 18 1
