mode: set
github.com/txgin/bookings/internal/render/render.go:22.40,24.2 1 1
github.com/txgin/bookings/internal/render/render.go:26.84,32.2 5 1
github.com/txgin/bookings/internal/render/render.go:34.105,36.18 2 1
github.com/txgin/bookings/internal/render/render.go:36.18,38.3 1 0
github.com/txgin/bookings/internal/render/render.go:38.8,40.3 1 1
github.com/txgin/bookings/internal/render/render.go:42.2,43.9 2 1
github.com/txgin/bookings/internal/render/render.go:43.9,45.3 1 1
github.com/txgin/bookings/internal/render/render.go:47.2,52.16 4 1
github.com/txgin/bookings/internal/render/render.go:52.16,54.3 1 0
github.com/txgin/bookings/internal/render/render.go:56.2,57.16 2 1
github.com/txgin/bookings/internal/render/render.go:57.16,60.3 2 0
github.com/txgin/bookings/internal/render/render.go:62.2,62.12 1 1
github.com/txgin/bookings/internal/render/render.go:65.67,69.16 3 1
github.com/txgin/bookings/internal/render/render.go:69.16,71.3 1 0
github.com/txgin/bookings/internal/render/render.go:73.2,73.29 1 1
github.com/txgin/bookings/internal/render/render.go:73.29,76.17 3 1
github.com/txgin/bookings/internal/render/render.go:76.17,78.4 1 0
github.com/txgin/bookings/internal/render/render.go:80.3,81.17 2 1
github.com/txgin/bookings/internal/render/render.go:81.17,83.4 1 0
github.com/txgin/bookings/internal/render/render.go:85.3,85.23 1 1
github.com/txgin/bookings/internal/render/render.go:85.23,87.18 2 1
github.com/txgin/bookings/internal/render/render.go:87.18,89.5 1 0
github.com/txgin/bookings/internal/render/render.go:92.3,92.21 1 1
github.com/txgin/bookings/internal/render/render.go:95.2,95.21 1 1
