mode: set
github.com/txgin/bookings/internal/forms/errors.go:6.44,8.2 1 1
github.com/txgin/bookings/internal/forms/errors.go:10.42,12.18 2 1
github.com/txgin/bookings/internal/forms/errors.go:12.18,14.3 1 1
github.com/txgin/bookings/internal/forms/errors.go:15.2,15.14 1 1
github.com/txgin/bookings/internal/forms/forms.go:16.29,18.2 1 1
github.com/txgin/bookings/internal/forms/forms.go:20.33,25.2 1 1
github.com/txgin/bookings/internal/forms/forms.go:27.43,28.31 1 1
github.com/txgin/bookings/internal/forms/forms.go:28.31,30.37 2 1
github.com/txgin/bookings/internal/forms/forms.go:30.37,32.4 1 1
github.com/txgin/bookings/internal/forms/forms.go:36.39,45.2 2 1
github.com/txgin/bookings/internal/forms/forms.go:47.57,49.21 2 1
github.com/txgin/bookings/internal/forms/forms.go:49.21,52.3 2 1
github.com/txgin/bookings/internal/forms/forms.go:53.2,53.13 1 1
github.com/txgin/bookings/internal/forms/forms.go:56.38,57.40 1 1
github.com/txgin/bookings/internal/forms/forms.go:57.40,59.3 1 1
