mode: set
github.com/txgin/bookings/internal/handlers/handlers.go:21.47,25.2 1 1
github.com/txgin/bookings/internal/handlers/handlers.go:27.33,29.2 1 1
github.com/txgin/bookings/internal/handlers/handlers.go:31.67,36.2 3 1
github.com/txgin/bookings/internal/handlers/handlers.go:38.68,49.2 5 1
github.com/txgin/bookings/internal/handlers/handlers.go:51.74,60.2 4 1
github.com/txgin/bookings/internal/handlers/handlers.go:62.78,64.16 2 1
github.com/txgin/bookings/internal/handlers/handlers.go:64.16,67.3 2 0
github.com/txgin/bookings/internal/handlers/handlers.go:69.2,82.19 6 1
github.com/txgin/bookings/internal/handlers/handlers.go:82.19,91.3 4 0
github.com/txgin/bookings/internal/handlers/handlers.go:93.2,95.66 2 1
github.com/txgin/bookings/internal/handlers/handlers.go:99.71,101.2 1 1
github.com/txgin/bookings/internal/handlers/handlers.go:103.69,105.2 1 1
github.com/txgin/bookings/internal/handlers/handlers.go:107.75,109.2 1 1
github.com/txgin/bookings/internal/handlers/handlers.go:111.79,115.2 3 1
github.com/txgin/bookings/internal/handlers/handlers.go:122.79,129.16 3 1
github.com/txgin/bookings/internal/handlers/handlers.go:129.16,131.3 1 0
github.com/txgin/bookings/internal/handlers/handlers.go:133.2,134.14 2 1
github.com/txgin/bookings/internal/handlers/handlers.go:137.70,139.2 1 1
github.com/txgin/bookings/internal/handlers/handlers.go:141.81,143.9 2 1
github.com/txgin/bookings/internal/handlers/handlers.go:143.9,148.3 4 1
github.com/txgin/bookings/internal/handlers/handlers.go:150.2,156.4 4 0
